<?xml version="1.0" encoding="UTF-8"?>
<!-- Generated by org.testng.reporters.JUnitReportReporter -->
<testsuite skipped="0" hostname="Harsha-PC" name="testNG.Loginpage" tests="1" failures="0" timestamp="2020-04-06T11:33:18 PDT" time="39.905" errors="0">
  <testcase name="login" time="39.905" classname="testNG.Loginpage"/>
</testsuite> <!-- testNG.Loginpage -->
