<?xml version="1.0" encoding="UTF-8"?>
<!-- Generated by org.testng.reporters.JUnitReportReporter -->
<testsuite skipped="0" hostname="Harsha-PC" name="testNG.AddEmployee" tests="1" failures="0" timestamp="2020-04-07T11:00:06 PDT" time="48.521" errors="0">
  <testcase name="addEmployee" time="48.521" classname="testNG.AddEmployee"/>
</testsuite> <!-- testNG.AddEmployee -->
