<?xml version="1.0" encoding="UTF-8"?>
<!-- Generated by org.testng.reporters.JUnitReportReporter -->
<testsuite skipped="0" hostname="Harsha-PC" name="testng.BothInvalid" tests="4" failures="0" timestamp="2020-04-02T11:22:31 PDT" time="145.756" errors="0">
  <testcase name="main" time="42.129" classname="testng.BothInvalid"/>
  <testcase name="main" time="43.009" classname="testng.BothInvalid"/>
  <testcase name="main" time="29.012" classname="testng.BothInvalid"/>
  <testcase name="main" time="31.606" classname="testng.BothInvalid"/>
</testsuite> <!-- testng.BothInvalid -->
