<?xml version="1.0" encoding="UTF-8"?>
<!-- Generated by org.testng.reporters.JUnitReportReporter -->
<testsuite skipped="0" hostname="Harsha-PC" name="testng.Dataprovider" tests="4" failures="0" timestamp="2020-04-02T15:37:16 PDT" time="20.562" errors="0">
  <testcase name="main" time="3.177" classname="testng.Dataprovider"/>
  <testcase name="main" time="7.681" classname="testng.Dataprovider"/>
  <testcase name="main" time="5.826" classname="testng.Dataprovider"/>
  <testcase name="main" time="3.878" classname="testng.Dataprovider"/>
</testsuite> <!-- testng.Dataprovider -->
