<?xml version="1.0" encoding="UTF-8"?>
<!-- Generated by org.testng.reporters.JUnitReportReporter -->
<testsuite skipped="0" hostname="Harsha-PC" name="testng.Invalidusername" tests="1" failures="0" timestamp="2020-04-01T14:21:11 PDT" time="16.226" errors="0">
  <testcase name="main" time="16.226" classname="testng.Invalidusername"/>
</testsuite> <!-- testng.Invalidusername -->
